22-Mar-2018 16:07:59.509 INFO [main] org.apache.catalina.startup.VersionLoggerListener.log Server version:        Apache Tomcat/8.5.28
22-Mar-2018 16:07:59.512 INFO [main] org.apache.catalina.startup.VersionLoggerListener.log Server built:          Feb 6 2018 23:10:25 UTC
22-Mar-2018 16:07:59.512 INFO [main] org.apache.catalina.startup.VersionLoggerListener.log Server number:         8.5.28.0
22-Mar-2018 16:07:59.512 INFO [main] org.apache.catalina.startup.VersionLoggerListener.log OS Name:               Linux
22-Mar-2018 16:07:59.512 INFO [main] org.apache.catalina.startup.VersionLoggerListener.log OS Version:            4.13.0-37-generic
22-Mar-2018 16:07:59.512 INFO [main] org.apache.catalina.startup.VersionLoggerListener.log Architecture:          amd64
22-Mar-2018 16:07:59.512 INFO [main] org.apache.catalina.startup.VersionLoggerListener.log Java Home:             /usr/lib/jvm/java-8-oracle/jre
22-Mar-2018 16:07:59.512 INFO [main] org.apache.catalina.startup.VersionLoggerListener.log JVM Version:           1.8.0_161-b12
22-Mar-2018 16:07:59.513 INFO [main] org.apache.catalina.startup.VersionLoggerListener.log JVM Vendor:            Oracle Corporation
22-Mar-2018 16:07:59.513 INFO [main] org.apache.catalina.startup.VersionLoggerListener.log CATALINA_BASE:         /home/bman8397/Documents/csc435/tennisWebProject/apache-tomcat-8.5.28
22-Mar-2018 16:07:59.513 INFO [main] org.apache.catalina.startup.VersionLoggerListener.log CATALINA_HOME:         /home/bman8397/Documents/csc435/tennisWebProject/apache-tomcat-8.5.28
22-Mar-2018 16:07:59.513 INFO [main] org.apache.catalina.startup.VersionLoggerListener.log Command line argument: -Djava.util.logging.config.file=/home/bman8397/Documents/csc435/tennisWebProject/apache-tomcat-8.5.28/conf/logging.properties
22-Mar-2018 16:07:59.513 INFO [main] org.apache.catalina.startup.VersionLoggerListener.log Command line argument: -Djava.util.logging.manager=org.apache.juli.ClassLoaderLogManager
22-Mar-2018 16:07:59.513 INFO [main] org.apache.catalina.startup.VersionLoggerListener.log Command line argument: -Djdk.tls.ephemeralDHKeySize=2048
22-Mar-2018 16:07:59.513 INFO [main] org.apache.catalina.startup.VersionLoggerListener.log Command line argument: -Djava.protocol.handler.pkgs=org.apache.catalina.webresources
22-Mar-2018 16:07:59.513 INFO [main] org.apache.catalina.startup.VersionLoggerListener.log Command line argument: -Dignore.endorsed.dirs=
22-Mar-2018 16:07:59.513 INFO [main] org.apache.catalina.startup.VersionLoggerListener.log Command line argument: -Dcatalina.base=/home/bman8397/Documents/csc435/tennisWebProject/apache-tomcat-8.5.28
22-Mar-2018 16:07:59.513 INFO [main] org.apache.catalina.startup.VersionLoggerListener.log Command line argument: -Dcatalina.home=/home/bman8397/Documents/csc435/tennisWebProject/apache-tomcat-8.5.28
22-Mar-2018 16:07:59.513 INFO [main] org.apache.catalina.startup.VersionLoggerListener.log Command line argument: -Djava.io.tmpdir=/home/bman8397/Documents/csc435/tennisWebProject/apache-tomcat-8.5.28/temp
22-Mar-2018 16:07:59.514 INFO [main] org.apache.catalina.core.AprLifecycleListener.lifecycleEvent The APR based Apache Tomcat Native library which allows optimal performance in production environments was not found on the java.library.path: [/usr/java/packages/lib/amd64:/usr/lib64:/lib64:/lib:/usr/lib]
22-Mar-2018 16:07:59.632 INFO [main] org.apache.coyote.AbstractProtocol.init Initializing ProtocolHandler ["http-nio-8397"]
22-Mar-2018 16:07:59.643 INFO [main] org.apache.tomcat.util.net.NioSelectorPool.getSharedSelector Using a shared selector for servlet write/read
22-Mar-2018 16:07:59.648 INFO [main] org.apache.coyote.AbstractProtocol.init Initializing ProtocolHandler ["ajp-nio-8009"]
22-Mar-2018 16:07:59.650 INFO [main] org.apache.tomcat.util.net.NioSelectorPool.getSharedSelector Using a shared selector for servlet write/read
22-Mar-2018 16:07:59.650 INFO [main] org.apache.catalina.startup.Catalina.load Initialization processed in 432 ms
22-Mar-2018 16:07:59.667 INFO [main] org.apache.catalina.core.StandardService.startInternal Starting service [Catalina]
22-Mar-2018 16:07:59.668 INFO [main] org.apache.catalina.core.StandardEngine.startInternal Starting Servlet Engine: Apache Tomcat/8.5.28
22-Mar-2018 16:07:59.695 INFO [localhost-startStop-1] org.apache.catalina.startup.HostConfig.deployDirectory Deploying web application directory [/home/bman8397/Documents/csc435/tennisWebProject/apache-tomcat-8.5.28/webapps/docs]
22-Mar-2018 16:08:00.075 INFO [localhost-startStop-1] org.apache.jasper.servlet.TldScanner.scanJars At least one JAR was scanned for TLDs yet contained no TLDs. Enable debug logging for this logger for a complete list of JARs that were scanned but no TLDs were found in them. Skipping unneeded JARs during scanning can improve startup time and JSP compilation time.
22-Mar-2018 16:08:00.114 INFO [localhost-startStop-1] org.apache.catalina.startup.HostConfig.deployDirectory Deployment of web application directory [/home/bman8397/Documents/csc435/tennisWebProject/apache-tomcat-8.5.28/webapps/docs] has finished in [419] ms
22-Mar-2018 16:08:00.114 INFO [localhost-startStop-1] org.apache.catalina.startup.HostConfig.deployDirectory Deploying web application directory [/home/bman8397/Documents/csc435/tennisWebProject/apache-tomcat-8.5.28/webapps/examples]
22-Mar-2018 16:08:00.359 INFO [localhost-startStop-1] org.apache.jasper.servlet.TldScanner.scanJars At least one JAR was scanned for TLDs yet contained no TLDs. Enable debug logging for this logger for a complete list of JARs that were scanned but no TLDs were found in them. Skipping unneeded JARs during scanning can improve startup time and JSP compilation time.
22-Mar-2018 16:08:00.388 INFO [localhost-startStop-1] org.apache.catalina.startup.HostConfig.deployDirectory Deployment of web application directory [/home/bman8397/Documents/csc435/tennisWebProject/apache-tomcat-8.5.28/webapps/examples] has finished in [274] ms
22-Mar-2018 16:08:00.389 INFO [localhost-startStop-1] org.apache.catalina.startup.HostConfig.deployDirectory Deploying web application directory [/home/bman8397/Documents/csc435/tennisWebProject/apache-tomcat-8.5.28/webapps/manager]
22-Mar-2018 16:08:00.534 INFO [localhost-startStop-1] org.apache.jasper.servlet.TldScanner.scanJars At least one JAR was scanned for TLDs yet contained no TLDs. Enable debug logging for this logger for a complete list of JARs that were scanned but no TLDs were found in them. Skipping unneeded JARs during scanning can improve startup time and JSP compilation time.
22-Mar-2018 16:08:00.537 INFO [localhost-startStop-1] org.apache.catalina.startup.HostConfig.deployDirectory Deployment of web application directory [/home/bman8397/Documents/csc435/tennisWebProject/apache-tomcat-8.5.28/webapps/manager] has finished in [148] ms
22-Mar-2018 16:08:00.537 INFO [localhost-startStop-1] org.apache.catalina.startup.HostConfig.deployDirectory Deploying web application directory [/home/bman8397/Documents/csc435/tennisWebProject/apache-tomcat-8.5.28/webapps/ROOT]
22-Mar-2018 16:08:00.680 INFO [localhost-startStop-1] org.apache.jasper.servlet.TldScanner.scanJars At least one JAR was scanned for TLDs yet contained no TLDs. Enable debug logging for this logger for a complete list of JARs that were scanned but no TLDs were found in them. Skipping unneeded JARs during scanning can improve startup time and JSP compilation time.
22-Mar-2018 16:08:00.681 INFO [localhost-startStop-1] org.apache.catalina.startup.HostConfig.deployDirectory Deployment of web application directory [/home/bman8397/Documents/csc435/tennisWebProject/apache-tomcat-8.5.28/webapps/ROOT] has finished in [144] ms
22-Mar-2018 16:08:00.681 INFO [localhost-startStop-1] org.apache.catalina.startup.HostConfig.deployDirectory Deploying web application directory [/home/bman8397/Documents/csc435/tennisWebProject/apache-tomcat-8.5.28/webapps/host-manager]
22-Mar-2018 16:08:00.800 INFO [localhost-startStop-1] org.apache.jasper.servlet.TldScanner.scanJars At least one JAR was scanned for TLDs yet contained no TLDs. Enable debug logging for this logger for a complete list of JARs that were scanned but no TLDs were found in them. Skipping unneeded JARs during scanning can improve startup time and JSP compilation time.
22-Mar-2018 16:08:00.802 INFO [localhost-startStop-1] org.apache.catalina.startup.HostConfig.deployDirectory Deployment of web application directory [/home/bman8397/Documents/csc435/tennisWebProject/apache-tomcat-8.5.28/webapps/host-manager] has finished in [121] ms
22-Mar-2018 16:08:00.802 INFO [localhost-startStop-1] org.apache.catalina.startup.HostConfig.deployDirectory Deploying web application directory [/home/bman8397/Documents/csc435/tennisWebProject/apache-tomcat-8.5.28/webapps/findMyRacquet]
22-Mar-2018 16:08:00.958 INFO [localhost-startStop-1] org.apache.jasper.servlet.TldScanner.scanJars At least one JAR was scanned for TLDs yet contained no TLDs. Enable debug logging for this logger for a complete list of JARs that were scanned but no TLDs were found in them. Skipping unneeded JARs during scanning can improve startup time and JSP compilation time.
22-Mar-2018 16:08:00.963 INFO [localhost-startStop-1] org.apache.catalina.startup.HostConfig.deployDirectory Deployment of web application directory [/home/bman8397/Documents/csc435/tennisWebProject/apache-tomcat-8.5.28/webapps/findMyRacquet] has finished in [161] ms
22-Mar-2018 16:08:00.965 INFO [main] org.apache.coyote.AbstractProtocol.start Starting ProtocolHandler ["http-nio-8397"]
22-Mar-2018 16:08:00.971 INFO [main] org.apache.coyote.AbstractProtocol.start Starting ProtocolHandler ["ajp-nio-8009"]
22-Mar-2018 16:08:00.972 INFO [main] org.apache.catalina.startup.Catalina.start Server startup in 1322 ms
22-Mar-2018 16:10:28.454 INFO [main] org.apache.catalina.core.StandardServer.await A valid shutdown command was received via the shutdown port. Stopping the Server instance.
22-Mar-2018 16:10:28.454 INFO [main] org.apache.coyote.AbstractProtocol.pause Pausing ProtocolHandler ["http-nio-8397"]
22-Mar-2018 16:10:28.505 INFO [main] org.apache.coyote.AbstractProtocol.pause Pausing ProtocolHandler ["ajp-nio-8009"]
22-Mar-2018 16:10:28.557 INFO [main] org.apache.catalina.core.StandardService.stopInternal Stopping service [Catalina]
22-Mar-2018 16:10:28.584 INFO [main] org.apache.coyote.AbstractProtocol.stop Stopping ProtocolHandler ["http-nio-8397"]
22-Mar-2018 16:10:28.585 INFO [main] org.apache.coyote.AbstractProtocol.stop Stopping ProtocolHandler ["ajp-nio-8009"]
22-Mar-2018 16:10:28.585 INFO [main] org.apache.coyote.AbstractProtocol.destroy Destroying ProtocolHandler ["http-nio-8397"]
22-Mar-2018 16:10:28.586 INFO [main] org.apache.coyote.AbstractProtocol.destroy Destroying ProtocolHandler ["ajp-nio-8009"]
22-Mar-2018 16:25:25.511 INFO [main] org.apache.catalina.startup.VersionLoggerListener.log Server version:        Apache Tomcat/8.5.28
22-Mar-2018 16:25:25.513 INFO [main] org.apache.catalina.startup.VersionLoggerListener.log Server built:          Feb 6 2018 23:10:25 UTC
22-Mar-2018 16:25:25.513 INFO [main] org.apache.catalina.startup.VersionLoggerListener.log Server number:         8.5.28.0
22-Mar-2018 16:25:25.513 INFO [main] org.apache.catalina.startup.VersionLoggerListener.log OS Name:               Linux
22-Mar-2018 16:25:25.513 INFO [main] org.apache.catalina.startup.VersionLoggerListener.log OS Version:            4.13.0-37-generic
22-Mar-2018 16:25:25.513 INFO [main] org.apache.catalina.startup.VersionLoggerListener.log Architecture:          amd64
22-Mar-2018 16:25:25.514 INFO [main] org.apache.catalina.startup.VersionLoggerListener.log Java Home:             /usr/lib/jvm/java-8-oracle/jre
22-Mar-2018 16:25:25.514 INFO [main] org.apache.catalina.startup.VersionLoggerListener.log JVM Version:           1.8.0_161-b12
22-Mar-2018 16:25:25.514 INFO [main] org.apache.catalina.startup.VersionLoggerListener.log JVM Vendor:            Oracle Corporation
22-Mar-2018 16:25:25.514 INFO [main] org.apache.catalina.startup.VersionLoggerListener.log CATALINA_BASE:         /home/bman8397/Documents/csc435/tennisWebProject/apache-tomcat-8.5.28
22-Mar-2018 16:25:25.514 INFO [main] org.apache.catalina.startup.VersionLoggerListener.log CATALINA_HOME:         /home/bman8397/Documents/csc435/tennisWebProject/apache-tomcat-8.5.28
22-Mar-2018 16:25:25.514 INFO [main] org.apache.catalina.startup.VersionLoggerListener.log Command line argument: -Djava.util.logging.config.file=/home/bman8397/Documents/csc435/tennisWebProject/apache-tomcat-8.5.28/conf/logging.properties
22-Mar-2018 16:25:25.514 INFO [main] org.apache.catalina.startup.VersionLoggerListener.log Command line argument: -Djava.util.logging.manager=org.apache.juli.ClassLoaderLogManager
22-Mar-2018 16:25:25.515 INFO [main] org.apache.catalina.startup.VersionLoggerListener.log Command line argument: -Djdk.tls.ephemeralDHKeySize=2048
22-Mar-2018 16:25:25.515 INFO [main] org.apache.catalina.startup.VersionLoggerListener.log Command line argument: -Djava.protocol.handler.pkgs=org.apache.catalina.webresources
22-Mar-2018 16:25:25.515 INFO [main] org.apache.catalina.startup.VersionLoggerListener.log Command line argument: -Dignore.endorsed.dirs=
22-Mar-2018 16:25:25.515 INFO [main] org.apache.catalina.startup.VersionLoggerListener.log Command line argument: -Dcatalina.base=/home/bman8397/Documents/csc435/tennisWebProject/apache-tomcat-8.5.28
22-Mar-2018 16:25:25.515 INFO [main] org.apache.catalina.startup.VersionLoggerListener.log Command line argument: -Dcatalina.home=/home/bman8397/Documents/csc435/tennisWebProject/apache-tomcat-8.5.28
22-Mar-2018 16:25:25.515 INFO [main] org.apache.catalina.startup.VersionLoggerListener.log Command line argument: -Djava.io.tmpdir=/home/bman8397/Documents/csc435/tennisWebProject/apache-tomcat-8.5.28/temp
22-Mar-2018 16:25:25.515 INFO [main] org.apache.catalina.core.AprLifecycleListener.lifecycleEvent The APR based Apache Tomcat Native library which allows optimal performance in production environments was not found on the java.library.path: [/usr/java/packages/lib/amd64:/usr/lib64:/lib64:/lib:/usr/lib]
22-Mar-2018 16:25:25.594 INFO [main] org.apache.coyote.AbstractProtocol.init Initializing ProtocolHandler ["http-nio-8397"]
22-Mar-2018 16:25:25.602 INFO [main] org.apache.tomcat.util.net.NioSelectorPool.getSharedSelector Using a shared selector for servlet write/read
22-Mar-2018 16:25:25.607 INFO [main] org.apache.coyote.AbstractProtocol.init Initializing ProtocolHandler ["ajp-nio-8009"]
22-Mar-2018 16:25:25.608 INFO [main] org.apache.tomcat.util.net.NioSelectorPool.getSharedSelector Using a shared selector for servlet write/read
22-Mar-2018 16:25:25.609 INFO [main] org.apache.catalina.startup.Catalina.load Initialization processed in 340 ms
22-Mar-2018 16:25:25.624 INFO [main] org.apache.catalina.core.StandardService.startInternal Starting service [Catalina]
22-Mar-2018 16:25:25.624 INFO [main] org.apache.catalina.core.StandardEngine.startInternal Starting Servlet Engine: Apache Tomcat/8.5.28
22-Mar-2018 16:25:25.657 INFO [localhost-startStop-1] org.apache.catalina.startup.HostConfig.deployDirectory Deploying web application directory [/home/bman8397/Documents/csc435/tennisWebProject/apache-tomcat-8.5.28/webapps/docs]
22-Mar-2018 16:25:26.001 INFO [localhost-startStop-1] org.apache.jasper.servlet.TldScanner.scanJars At least one JAR was scanned for TLDs yet contained no TLDs. Enable debug logging for this logger for a complete list of JARs that were scanned but no TLDs were found in them. Skipping unneeded JARs during scanning can improve startup time and JSP compilation time.
22-Mar-2018 16:25:26.031 INFO [localhost-startStop-1] org.apache.catalina.startup.HostConfig.deployDirectory Deployment of web application directory [/home/bman8397/Documents/csc435/tennisWebProject/apache-tomcat-8.5.28/webapps/docs] has finished in [374] ms
22-Mar-2018 16:25:26.031 INFO [localhost-startStop-1] org.apache.catalina.startup.HostConfig.deployDirectory Deploying web application directory [/home/bman8397/Documents/csc435/tennisWebProject/apache-tomcat-8.5.28/webapps/examples]
22-Mar-2018 16:25:26.248 INFO [localhost-startStop-1] org.apache.jasper.servlet.TldScanner.scanJars At least one JAR was scanned for TLDs yet contained no TLDs. Enable debug logging for this logger for a complete list of JARs that were scanned but no TLDs were found in them. Skipping unneeded JARs during scanning can improve startup time and JSP compilation time.
22-Mar-2018 16:25:26.272 INFO [localhost-startStop-1] org.apache.catalina.startup.HostConfig.deployDirectory Deployment of web application directory [/home/bman8397/Documents/csc435/tennisWebProject/apache-tomcat-8.5.28/webapps/examples] has finished in [241] ms
22-Mar-2018 16:25:26.272 INFO [localhost-startStop-1] org.apache.catalina.startup.HostConfig.deployDirectory Deploying web application directory [/home/bman8397/Documents/csc435/tennisWebProject/apache-tomcat-8.5.28/webapps/manager]
22-Mar-2018 16:25:26.411 INFO [localhost-startStop-1] org.apache.jasper.servlet.TldScanner.scanJars At least one JAR was scanned for TLDs yet contained no TLDs. Enable debug logging for this logger for a complete list of JARs that were scanned but no TLDs were found in them. Skipping unneeded JARs during scanning can improve startup time and JSP compilation time.
22-Mar-2018 16:25:26.413 INFO [localhost-startStop-1] org.apache.catalina.startup.HostConfig.deployDirectory Deployment of web application directory [/home/bman8397/Documents/csc435/tennisWebProject/apache-tomcat-8.5.28/webapps/manager] has finished in [141] ms
22-Mar-2018 16:25:26.413 INFO [localhost-startStop-1] org.apache.catalina.startup.HostConfig.deployDirectory Deploying web application directory [/home/bman8397/Documents/csc435/tennisWebProject/apache-tomcat-8.5.28/webapps/ROOT]
22-Mar-2018 16:25:26.548 INFO [localhost-startStop-1] org.apache.jasper.servlet.TldScanner.scanJars At least one JAR was scanned for TLDs yet contained no TLDs. Enable debug logging for this logger for a complete list of JARs that were scanned but no TLDs were found in them. Skipping unneeded JARs during scanning can improve startup time and JSP compilation time.
22-Mar-2018 16:25:26.549 INFO [localhost-startStop-1] org.apache.catalina.startup.HostConfig.deployDirectory Deployment of web application directory [/home/bman8397/Documents/csc435/tennisWebProject/apache-tomcat-8.5.28/webapps/ROOT] has finished in [136] ms
22-Mar-2018 16:25:26.549 INFO [localhost-startStop-1] org.apache.catalina.startup.HostConfig.deployDirectory Deploying web application directory [/home/bman8397/Documents/csc435/tennisWebProject/apache-tomcat-8.5.28/webapps/host-manager]
22-Mar-2018 16:25:26.674 INFO [localhost-startStop-1] org.apache.jasper.servlet.TldScanner.scanJars At least one JAR was scanned for TLDs yet contained no TLDs. Enable debug logging for this logger for a complete list of JARs that were scanned but no TLDs were found in them. Skipping unneeded JARs during scanning can improve startup time and JSP compilation time.
22-Mar-2018 16:25:26.675 INFO [localhost-startStop-1] org.apache.catalina.startup.HostConfig.deployDirectory Deployment of web application directory [/home/bman8397/Documents/csc435/tennisWebProject/apache-tomcat-8.5.28/webapps/host-manager] has finished in [126] ms
22-Mar-2018 16:25:26.675 INFO [localhost-startStop-1] org.apache.catalina.startup.HostConfig.deployDirectory Deploying web application directory [/home/bman8397/Documents/csc435/tennisWebProject/apache-tomcat-8.5.28/webapps/findMyRacquet]
22-Mar-2018 16:25:26.856 INFO [localhost-startStop-1] org.apache.jasper.servlet.TldScanner.scanJars At least one JAR was scanned for TLDs yet contained no TLDs. Enable debug logging for this logger for a complete list of JARs that were scanned but no TLDs were found in them. Skipping unneeded JARs during scanning can improve startup time and JSP compilation time.
22-Mar-2018 16:25:26.859 INFO [localhost-startStop-1] org.apache.catalina.startup.HostConfig.deployDirectory Deployment of web application directory [/home/bman8397/Documents/csc435/tennisWebProject/apache-tomcat-8.5.28/webapps/findMyRacquet] has finished in [184] ms
22-Mar-2018 16:25:26.862 INFO [main] org.apache.coyote.AbstractProtocol.start Starting ProtocolHandler ["http-nio-8397"]
22-Mar-2018 16:25:26.867 INFO [main] org.apache.coyote.AbstractProtocol.start Starting ProtocolHandler ["ajp-nio-8009"]
22-Mar-2018 16:25:26.868 INFO [main] org.apache.catalina.startup.Catalina.start Server startup in 1259 ms
22-Mar-2018 16:31:26.605 INFO [main] org.apache.catalina.core.StandardServer.await A valid shutdown command was received via the shutdown port. Stopping the Server instance.
22-Mar-2018 16:31:26.605 INFO [main] org.apache.coyote.AbstractProtocol.pause Pausing ProtocolHandler ["http-nio-8397"]
22-Mar-2018 16:31:26.657 INFO [main] org.apache.coyote.AbstractProtocol.pause Pausing ProtocolHandler ["ajp-nio-8009"]
22-Mar-2018 16:31:26.708 INFO [main] org.apache.catalina.core.StandardService.stopInternal Stopping service [Catalina]
22-Mar-2018 16:31:26.728 INFO [main] org.apache.coyote.AbstractProtocol.stop Stopping ProtocolHandler ["http-nio-8397"]
22-Mar-2018 16:31:26.729 INFO [main] org.apache.coyote.AbstractProtocol.stop Stopping ProtocolHandler ["ajp-nio-8009"]
22-Mar-2018 16:31:26.729 INFO [main] org.apache.coyote.AbstractProtocol.destroy Destroying ProtocolHandler ["http-nio-8397"]
22-Mar-2018 16:31:26.730 INFO [main] org.apache.coyote.AbstractProtocol.destroy Destroying ProtocolHandler ["ajp-nio-8009"]
